<?xml version="1.0" encoding="UTF-8"?>
<testng-results ignored="0" total="1" passed="1" failed="0" skipped="0">
  <reporter-output>
  </reporter-output>
  <suite started-at="2022-07-22T03:05:43 PDT" name="Default suite" finished-at="2022-07-22T03:07:16 PDT" duration-ms="93689">
    <groups>
    </groups>
    <test started-at="2022-07-22T03:05:43 PDT" name="Default test" finished-at="2022-07-22T03:07:16 PDT" duration-ms="93689">
      <class name="testcases.WikipediaTest">
        <test-method is-config="true" signature="beforeTest()[pri:0, instance:testcases.WikipediaTest@d21a74c]" started-at="2022-07-22T03:05:43 PDT" name="beforeTest" finished-at="2022-07-22T03:05:45 PDT" duration-ms="2687" status="PASS">
          <reporter-output>
          </reporter-output>
        </test-method> <!-- beforeTest -->
        <test-method signature="verifTest()[pri:0, instance:testcases.WikipediaTest@d21a74c]" started-at="2022-07-22T03:05:45 PDT" name="verifTest" finished-at="2022-07-22T03:07:15 PDT" duration-ms="90059" status="PASS">
          <reporter-output>
          </reporter-output>
        </test-method> <!-- verifTest -->
        <test-method is-config="true" signature="tearDown()[pri:0, instance:testcases.WikipediaTest@d21a74c]" started-at="2022-07-22T03:07:15 PDT" name="tearDown" finished-at="2022-07-22T03:07:16 PDT" duration-ms="910" status="PASS">
          <reporter-output>
          </reporter-output>
        </test-method> <!-- tearDown -->
      </class> <!-- testcases.WikipediaTest -->
    </test> <!-- Default test -->
  </suite> <!-- Default suite -->
</testng-results>
